<?xml version="1.0" encoding="UTF-8"?>
<testng-results skipped="0" failed="0" ignored="0" total="1" passed="1">
  <reporter-output>
  </reporter-output>
  <suite name="Default suite" duration-ms="73054" started-at="2020-02-23T16:34:55Z" finished-at="2020-02-23T16:36:08Z">
    <groups>
    </groups>
    <test name="Default test" duration-ms="73054" started-at="2020-02-23T16:34:55Z" finished-at="2020-02-23T16:36:08Z">
      <class name="com.qa.hs.tests.LoginTest">
        <test-method status="PASS" signature="loginTest()[pri:0, instance:com.qa.hs.tests.LoginTest@1bce4f0a]" name="loginTest" duration-ms="73001" started-at="2020-02-23T16:34:55Z" finished-at="2020-02-23T16:36:08Z">
          <reporter-output>
          </reporter-output>
        </test-method> <!-- loginTest -->
      </class> <!-- com.qa.hs.tests.LoginTest -->
    </test> <!-- Default test -->
  </suite> <!-- Default suite -->
</testng-results>
